{"/app/src/app.js": {"path":"/app/src/app.js","statementMap":{"0":{"start":{"line":1,"column":16},"end":{"line":1,"column":34}},"1":{"start":{"line":2,"column":13},"end":{"line":2,"column":28}},"2":{"start":{"line":3,"column":15},"end":{"line":3,"column":32}},"3":{"start":{"line":4,"column":15},"end":{"line":4,"column":32}},"4":{"start":{"line":5,"column":13},"end":{"line":5,"column":28}},"5":{"start":{"line":6,"column":18},"end":{"line":6,"column":48}},"6":{"start":{"line":7,"column":21},"end":{"line":7,"column":61}},"7":{"start":{"line":9,"column":12},"end":{"line":9,"column":21}},"8":{"start":{"line":12,"column":0},"end":{"line":14,"column":4}},"9":{"start":{"line":17,"column":0},"end":{"line":21,"column":4}},"10":{"start":{"line":24,"column":0},"end":{"line":24,"column":23}},"11":{"start":{"line":27,"column":0},"end":{"line":27,"column":41}},"12":{"start":{"line":30,"column":0},"end":{"line":43,"column":3}},"13":{"start":{"line":31,"column":2},"end":{"line":42,"column":5}},"14":{"start":{"line":46,"column":0},"end":{"line":46,"column":27}},"15":{"start":{"line":50,"column":0},"end":{"line":50,"column":70}},"16":{"start":{"line":53,"column":0},"end":{"line":55,"column":3}},"17":{"start":{"line":54,"column":2},"end":{"line":54,"column":54}},"18":{"start":{"line":58,"column":0},"end":{"line":62,"column":3}},"19":{"start":{"line":59,"column":4},"end":{"line":61,"column":7}},"20":{"start":{"line":60,"column":8},"end":{"line":60,"column":39}},"21":{"start":{"line":60,"column":17},"end":{"line":60,"column":39}},"22":{"start":{"line":66,"column":0},"end":{"line":72,"column":3}},"23":{"start":{"line":67,"column":2},"end":{"line":71,"column":5}},"24":{"start":{"line":75,"column":0},"end":{"line":75,"column":22}},"25":{"start":{"line":77,"column":0},"end":{"line":77,"column":21}}},"fnMap":{"0":{"name":"(anonymous_0)","decl":{"start":{"line":30,"column":19},"end":{"line":30,"column":20}},"loc":{"start":{"line":30,"column":33},"end":{"line":43,"column":1}},"line":30},"1":{"name":"(anonymous_1)","decl":{"start":{"line":53,"column":13},"end":{"line":53,"column":14}},"loc":{"start":{"line":53,"column":27},"end":{"line":55,"column":1}},"line":53},"2":{"name":"(anonymous_2)","decl":{"start":{"line":58,"column":26},"end":{"line":58,"column":27}},"loc":{"start":{"line":58,"column":40},"end":{"line":62,"column":1}},"line":58},"3":{"name":"(anonymous_3)","decl":{"start":{"line":59,"column":59},"end":{"line":59,"column":60}},"loc":{"start":{"line":59,"column":68},"end":{"line":61,"column":5}},"line":59},"4":{"name":"(anonymous_4)","decl":{"start":{"line":66,"column":8},"end":{"line":66,"column":9}},"loc":{"start":{"line":66,"column":28},"end":{"line":72,"column":1}},"line":66}},"branchMap":{"0":{"loc":{"start":{"line":60,"column":8},"end":{"line":60,"column":39}},"type":"if","locations":[{"start":{"line":60,"column":8},"end":{"line":60,"column":39}},{"start":{},"end":{}}],"line":60}},"s":{"0":2,"1":2,"2":2,"3":2,"4":2,"5":2,"6":2,"7":2,"8":2,"9":2,"10":2,"11":2,"12":2,"13":1,"14":2,"15":2,"16":2,"17":0,"18":2,"19":0,"20":0,"21":0,"22":2,"23":0,"24":2,"25":2},"f":{"0":1,"1":0,"2":0,"3":0,"4":0},"b":{"0":[0,0]},"_coverageSchema":"1a1c01bbd47fc00a2c39e90264f33305004495a9","hash":"da1366a1ce257290c89dae9292a9d7a0ffbf5ee7"}
,"/app/src/config/config.js": {"path":"/app/src/config/config.js","statementMap":{"0":{"start":{"line":1,"column":0},"end":{"line":1,"column":27}},"1":{"start":{"line":3,"column":0},"end":{"line":63,"column":2}}},"fnMap":{},"branchMap":{"0":{"loc":{"start":{"line":4,"column":8},"end":{"line":4,"column":32}},"type":"binary-expr","locations":[{"start":{"line":4,"column":8},"end":{"line":4,"column":24}},{"start":{"line":4,"column":28},"end":{"line":4,"column":32}}],"line":4},"1":{"loc":{"start":{"line":5,"column":10},"end":{"line":5,"column":37}},"type":"binary-expr","locations":[{"start":{"line":5,"column":10},"end":{"line":5,"column":29}},{"start":{"line":5,"column":33},"end":{"line":5,"column":37}}],"line":5},"2":{"loc":{"start":{"line":19,"column":16},"end":{"line":19,"column":76}},"type":"binary-expr","locations":[{"start":{"line":19,"column":16},"end":{"line":19,"column":42}},{"start":{"line":19,"column":46},"end":{"line":19,"column":76}}],"line":19}},"s":{"0":4,"1":4},"f":{},"b":{"0":[4,0],"1":[4,0],"2":[4,0]},"_coverageSchema":"1a1c01bbd47fc00a2c39e90264f33305004495a9","hash":"1eaecc327f83033e65f7eff4e4413b98d0c9a50d"}
,"/app/src/controllers/chat.controller.js": {"path":"/app/src/controllers/chat.controller.js","statementMap":{"0":{"start":{"line":1,"column":22},"end":{"line":1,"column":59}},"1":{"start":{"line":2,"column":24},"end":{"line":2,"column":63}},"2":{"start":{"line":3,"column":24},"end":{"line":3,"column":63}},"3":{"start":{"line":4,"column":15},"end":{"line":4,"column":42}},"4":{"start":{"line":9,"column":4},"end":{"line":25,"column":5}},"5":{"start":{"line":10,"column":26},"end":{"line":10,"column":34}},"6":{"start":{"line":11,"column":6},"end":{"line":13,"column":7}},"7":{"start":{"line":12,"column":8},"end":{"line":12,"column":82}},"8":{"start":{"line":15,"column":19},"end":{"line":15,"column":27}},"9":{"start":{"line":16,"column":31},"end":{"line":16,"column":81}},"10":{"start":{"line":18,"column":6},"end":{"line":18,"column":51}},"11":{"start":{"line":19,"column":20},"end":{"line":19,"column":82}},"12":{"start":{"line":20,"column":6},"end":{"line":20,"column":75}},"13":{"start":{"line":22,"column":6},"end":{"line":22,"column":26}},"14":{"start":{"line":24,"column":6},"end":{"line":24,"column":18}},"15":{"start":{"line":29,"column":4},"end":{"line":39,"column":5}},"16":{"start":{"line":30,"column":24},"end":{"line":30,"column":32}},"17":{"start":{"line":31,"column":6},"end":{"line":33,"column":7}},"18":{"start":{"line":32,"column":8},"end":{"line":32,"column":80}},"19":{"start":{"line":35,"column":25},"end":{"line":35,"column":69}},"20":{"start":{"line":36,"column":6},"end":{"line":36,"column":31}},"21":{"start":{"line":38,"column":6},"end":{"line":38,"column":18}},"22":{"start":{"line":43,"column":6},"end":{"line":53,"column":7}},"23":{"start":{"line":44,"column":36},"end":{"line":44,"column":44}},"24":{"start":{"line":45,"column":10},"end":{"line":47,"column":11}},"25":{"start":{"line":46,"column":14},"end":{"line":46,"column":85}},"26":{"start":{"line":49,"column":31},"end":{"line":49,"column":81}},"27":{"start":{"line":50,"column":10},"end":{"line":50,"column":37}},"28":{"start":{"line":52,"column":10},"end":{"line":52,"column":22}},"29":{"start":{"line":57,"column":0},"end":{"line":57,"column":38}}},"fnMap":{"0":{"name":"(anonymous_0)","decl":{"start":{"line":8,"column":2},"end":{"line":8,"column":3}},"loc":{"start":{"line":8,"column":29},"end":{"line":26,"column":3}},"line":8},"1":{"name":"(anonymous_1)","decl":{"start":{"line":28,"column":2},"end":{"line":28,"column":3}},"loc":{"start":{"line":28,"column":35},"end":{"line":40,"column":3}},"line":28},"2":{"name":"(anonymous_2)","decl":{"start":{"line":42,"column":2},"end":{"line":42,"column":3}},"loc":{"start":{"line":42,"column":30},"end":{"line":54,"column":3}},"line":42}},"branchMap":{"0":{"loc":{"start":{"line":11,"column":6},"end":{"line":13,"column":7}},"type":"if","locations":[{"start":{"line":11,"column":6},"end":{"line":13,"column":7}},{"start":{},"end":{}}],"line":11},"1":{"loc":{"start":{"line":31,"column":6},"end":{"line":33,"column":7}},"type":"if","locations":[{"start":{"line":31,"column":6},"end":{"line":33,"column":7}},{"start":{},"end":{}}],"line":31},"2":{"loc":{"start":{"line":45,"column":10},"end":{"line":47,"column":11}},"type":"if","locations":[{"start":{"line":45,"column":10},"end":{"line":47,"column":11}},{"start":{},"end":{}}],"line":45}},"s":{"0":2,"1":2,"2":2,"3":2,"4":2,"5":2,"6":2,"7":1,"8":1,"9":1,"10":1,"11":1,"12":1,"13":1,"14":0,"15":0,"16":0,"17":0,"18":0,"19":0,"20":0,"21":0,"22":0,"23":0,"24":0,"25":0,"26":0,"27":0,"28":0,"29":2},"f":{"0":2,"1":0,"2":0},"b":{"0":[1,1],"1":[0,0],"2":[0,0]},"_coverageSchema":"1a1c01bbd47fc00a2c39e90264f33305004495a9","hash":"d568f190b995bc0016b7c3540a4af2b423cfee9a"}
,"/app/src/controllers/mcp.controller.js": {"path":"/app/src/controllers/mcp.controller.js","statementMap":{"0":{"start":{"line":1,"column":19},"end":{"line":1,"column":53}},"1":{"start":{"line":6,"column":8},"end":{"line":14,"column":9}},"2":{"start":{"line":7,"column":32},"end":{"line":7,"column":40}},"3":{"start":{"line":8,"column":12},"end":{"line":8,"column":85}},"4":{"start":{"line":8,"column":26},"end":{"line":8,"column":85}},"5":{"start":{"line":10,"column":27},"end":{"line":10,"column":67}},"6":{"start":{"line":11,"column":12},"end":{"line":11,"column":29}},"7":{"start":{"line":13,"column":12},"end":{"line":13,"column":24}},"8":{"start":{"line":18,"column":8},"end":{"line":26,"column":9}},"9":{"start":{"line":19,"column":33},"end":{"line":19,"column":41}},"10":{"start":{"line":20,"column":12},"end":{"line":20,"column":88}},"11":{"start":{"line":20,"column":27},"end":{"line":20,"column":88}},"12":{"start":{"line":22,"column":27},"end":{"line":22,"column":62}},"13":{"start":{"line":23,"column":12},"end":{"line":23,"column":29}},"14":{"start":{"line":25,"column":12},"end":{"line":25,"column":24}},"15":{"start":{"line":30,"column":8},"end":{"line":38,"column":9}},"16":{"start":{"line":31,"column":43},"end":{"line":31,"column":51}},"17":{"start":{"line":32,"column":13},"end":{"line":32,"column":126}},"18":{"start":{"line":32,"column":53},"end":{"line":32,"column":126}},"19":{"start":{"line":34,"column":28},"end":{"line":34,"column":73}},"20":{"start":{"line":35,"column":13},"end":{"line":35,"column":30}},"21":{"start":{"line":37,"column":12},"end":{"line":37,"column":24}},"22":{"start":{"line":42,"column":8},"end":{"line":48,"column":9}},"23":{"start":{"line":43,"column":32},"end":{"line":43,"column":40}},"24":{"start":{"line":44,"column":27},"end":{"line":44,"column":62}},"25":{"start":{"line":45,"column":12},"end":{"line":45,"column":29}},"26":{"start":{"line":47,"column":12},"end":{"line":47,"column":24}},"27":{"start":{"line":52,"column":8},"end":{"line":60,"column":9}},"28":{"start":{"line":53,"column":45},"end":{"line":53,"column":53}},"29":{"start":{"line":54,"column":13},"end":{"line":54,"column":116}},"30":{"start":{"line":54,"column":42},"end":{"line":54,"column":116}},"31":{"start":{"line":56,"column":28},"end":{"line":56,"column":74}},"32":{"start":{"line":57,"column":13},"end":{"line":57,"column":30}},"33":{"start":{"line":59,"column":12},"end":{"line":59,"column":24}},"34":{"start":{"line":64,"column":8},"end":{"line":73,"column":11}},"35":{"start":{"line":77,"column":0},"end":{"line":77,"column":37}}},"fnMap":{"0":{"name":"(anonymous_0)","decl":{"start":{"line":5,"column":4},"end":{"line":5,"column":5}},"loc":{"start":{"line":5,"column":41},"end":{"line":15,"column":5}},"line":5},"1":{"name":"(anonymous_1)","decl":{"start":{"line":17,"column":4},"end":{"line":17,"column":5}},"loc":{"start":{"line":17,"column":35},"end":{"line":27,"column":5}},"line":17},"2":{"name":"(anonymous_2)","decl":{"start":{"line":29,"column":4},"end":{"line":29,"column":5}},"loc":{"start":{"line":29,"column":36},"end":{"line":39,"column":5}},"line":29},"3":{"name":"(anonymous_3)","decl":{"start":{"line":41,"column":4},"end":{"line":41,"column":5}},"loc":{"start":{"line":41,"column":36},"end":{"line":49,"column":5}},"line":41},"4":{"name":"(anonymous_4)","decl":{"start":{"line":51,"column":4},"end":{"line":51,"column":5}},"loc":{"start":{"line":51,"column":35},"end":{"line":61,"column":5}},"line":51},"5":{"name":"(anonymous_5)","decl":{"start":{"line":63,"column":4},"end":{"line":63,"column":5}},"loc":{"start":{"line":63,"column":27},"end":{"line":74,"column":5}},"line":63}},"branchMap":{"0":{"loc":{"start":{"line":8,"column":12},"end":{"line":8,"column":85}},"type":"if","locations":[{"start":{"line":8,"column":12},"end":{"line":8,"column":85}},{"start":{},"end":{}}],"line":8},"1":{"loc":{"start":{"line":20,"column":12},"end":{"line":20,"column":88}},"type":"if","locations":[{"start":{"line":20,"column":12},"end":{"line":20,"column":88}},{"start":{},"end":{}}],"line":20},"2":{"loc":{"start":{"line":32,"column":13},"end":{"line":32,"column":126}},"type":"if","locations":[{"start":{"line":32,"column":13},"end":{"line":32,"column":126}},{"start":{},"end":{}}],"line":32},"3":{"loc":{"start":{"line":32,"column":17},"end":{"line":32,"column":51}},"type":"binary-expr","locations":[{"start":{"line":32,"column":17},"end":{"line":32,"column":26}},{"start":{"line":32,"column":30},"end":{"line":32,"column":51}}],"line":32},"4":{"loc":{"start":{"line":54,"column":13},"end":{"line":54,"column":116}},"type":"if","locations":[{"start":{"line":54,"column":13},"end":{"line":54,"column":116}},{"start":{},"end":{}}],"line":54},"5":{"loc":{"start":{"line":54,"column":17},"end":{"line":54,"column":40}},"type":"binary-expr","locations":[{"start":{"line":54,"column":17},"end":{"line":54,"column":24}},{"start":{"line":54,"column":28},"end":{"line":54,"column":40}}],"line":54}},"s":{"0":2,"1":1,"2":1,"3":1,"4":0,"5":1,"6":1,"7":0,"8":0,"9":0,"10":0,"11":0,"12":0,"13":0,"14":0,"15":0,"16":0,"17":0,"18":0,"19":0,"20":0,"21":0,"22":0,"23":0,"24":0,"25":0,"26":0,"27":0,"28":0,"29":0,"30":0,"31":0,"32":0,"33":0,"34":1,"35":2},"f":{"0":1,"1":0,"2":0,"3":0,"4":0,"5":1},"b":{"0":[0,1],"1":[0,0],"2":[0,0],"3":[0,0],"4":[0,0],"5":[0,0]},"_coverageSchema":"1a1c01bbd47fc00a2c39e90264f33305004495a9","hash":"a4ceb327ec2a6a29006740f7f37a848acca5c2a3"}
,"/app/src/controllers/qwen.controller.js": {"path":"/app/src/controllers/qwen.controller.js","statementMap":{"0":{"start":{"line":1,"column":20},"end":{"line":1,"column":55}},"1":{"start":{"line":2,"column":22},"end":{"line":2,"column":59}},"2":{"start":{"line":7,"column":8},"end":{"line":50,"column":9}},"3":{"start":{"line":8,"column":85},"end":{"line":8,"column":93}},"4":{"start":{"line":9,"column":12},"end":{"line":11,"column":13}},"5":{"start":{"line":10,"column":16},"end":{"line":10,"column":74}},"6":{"start":{"line":13,"column":30},"end":{"line":13,"column":32}},"7":{"start":{"line":14,"column":36},"end":{"line":14,"column":38}},"8":{"start":{"line":16,"column":12},"end":{"line":33,"column":13}},"9":{"start":{"line":18,"column":36},"end":{"line":18,"column":87}},"10":{"start":{"line":20,"column":17},"end":{"line":32,"column":18}},"11":{"start":{"line":21,"column":34},"end":{"line":21,"column":48}},"12":{"start":{"line":22,"column":33},"end":{"line":22,"column":69}},"13":{"start":{"line":23,"column":37},"end":{"line":23,"column":48}},"14":{"start":{"line":25,"column":20},"end":{"line":31,"column":21}},"15":{"start":{"line":26,"column":40},"end":{"line":26,"column":92}},"16":{"start":{"line":27,"column":24},"end":{"line":27,"column":158}},"17":{"start":{"line":28,"column":25},"end":{"line":28,"column":126}},"18":{"start":{"line":30,"column":25},"end":{"line":30,"column":145}},"19":{"start":{"line":35,"column":34},"end":{"line":37,"column":124}},"20":{"start":{"line":39,"column":33},"end":{"line":39,"column":102}},"21":{"start":{"line":41,"column":12},"end":{"line":46,"column":15}},"22":{"start":{"line":49,"column":12},"end":{"line":49,"column":24}},"23":{"start":{"line":54,"column":8},"end":{"line":61,"column":11}},"24":{"start":{"line":65,"column":8},"end":{"line":74,"column":9}},"25":{"start":{"line":66,"column":73},"end":{"line":66,"column":81}},"26":{"start":{"line":67,"column":13},"end":{"line":69,"column":13}},"27":{"start":{"line":68,"column":16},"end":{"line":68,"column":82}},"28":{"start":{"line":70,"column":28},"end":{"line":70,"column":84}},"29":{"start":{"line":71,"column":12},"end":{"line":71,"column":76}},"30":{"start":{"line":73,"column":12},"end":{"line":73,"column":24}},"31":{"start":{"line":78,"column":0},"end":{"line":78,"column":38}}},"fnMap":{"0":{"name":"(anonymous_0)","decl":{"start":{"line":6,"column":4},"end":{"line":6,"column":5}},"loc":{"start":{"line":6,"column":31},"end":{"line":51,"column":5}},"line":6},"1":{"name":"(anonymous_1)","decl":{"start":{"line":53,"column":4},"end":{"line":53,"column":5}},"loc":{"start":{"line":53,"column":30},"end":{"line":62,"column":5}},"line":53},"2":{"name":"(anonymous_2)","decl":{"start":{"line":64,"column":4},"end":{"line":64,"column":5}},"loc":{"start":{"line":64,"column":37},"end":{"line":75,"column":5}},"line":64}},"branchMap":{"0":{"loc":{"start":{"line":8,"column":29},"end":{"line":8,"column":48}},"type":"default-arg","locations":[{"start":{"line":8,"column":37},"end":{"line":8,"column":48}}],"line":8},"1":{"loc":{"start":{"line":8,"column":50},"end":{"line":8,"column":66}},"type":"default-arg","locations":[{"start":{"line":8,"column":62},"end":{"line":8,"column":66}}],"line":8},"2":{"loc":{"start":{"line":8,"column":68},"end":{"line":8,"column":80}},"type":"default-arg","locations":[{"start":{"line":8,"column":78},"end":{"line":8,"column":80}}],"line":8},"3":{"loc":{"start":{"line":9,"column":12},"end":{"line":11,"column":13}},"type":"if","locations":[{"start":{"line":9,"column":12},"end":{"line":11,"column":13}},{"start":{},"end":{}}],"line":9},"4":{"loc":{"start":{"line":16,"column":12},"end":{"line":33,"column":13}},"type":"if","locations":[{"start":{"line":16,"column":12},"end":{"line":33,"column":13}},{"start":{},"end":{}}],"line":16},"5":{"loc":{"start":{"line":20,"column":17},"end":{"line":32,"column":18}},"type":"if","locations":[{"start":{"line":20,"column":17},"end":{"line":32,"column":18}},{"start":{},"end":{}}],"line":20},"6":{"loc":{"start":{"line":66,"column":33},"end":{"line":66,"column":51}},"type":"default-arg","locations":[{"start":{"line":66,"column":40},"end":{"line":66,"column":51}}],"line":66},"7":{"loc":{"start":{"line":66,"column":53},"end":{"line":66,"column":68}},"type":"default-arg","locations":[{"start":{"line":66,"column":62},"end":{"line":66,"column":68}}],"line":66},"8":{"loc":{"start":{"line":67,"column":13},"end":{"line":69,"column":13}},"type":"if","locations":[{"start":{"line":67,"column":13},"end":{"line":69,"column":13}},{"start":{},"end":{}}],"line":67},"9":{"loc":{"start":{"line":67,"column":17},"end":{"line":67,"column":32}},"type":"binary-expr","locations":[{"start":{"line":67,"column":17},"end":{"line":67,"column":23}},{"start":{"line":67,"column":27},"end":{"line":67,"column":32}}],"line":67}},"s":{"0":2,"1":2,"2":0,"3":0,"4":0,"5":0,"6":0,"7":0,"8":0,"9":0,"10":0,"11":0,"12":0,"13":0,"14":0,"15":0,"16":0,"17":0,"18":0,"19":0,"20":0,"21":0,"22":0,"23":0,"24":0,"25":0,"26":0,"27":0,"28":0,"29":0,"30":0,"31":2},"f":{"0":0,"1":0,"2":0},"b":{"0":[0],"1":[0],"2":[0],"3":[0,0],"4":[0,0],"5":[0,0],"6":[0],"7":[0],"8":[0,0],"9":[0,0]},"_coverageSchema":"1a1c01bbd47fc00a2c39e90264f33305004495a9","hash":"94ce0a9cde16544c201697847ff687f3f18bf93b"}
,"/app/src/controllers/render.controller.js": {"path":"/app/src/controllers/render.controller.js","statementMap":{"0":{"start":{"line":1,"column":22},"end":{"line":1,"column":59}},"1":{"start":{"line":6,"column":8},"end":{"line":11,"column":9}},"2":{"start":{"line":7,"column":29},"end":{"line":7,"column":62}},"3":{"start":{"line":8,"column":12},"end":{"line":8,"column":31}},"4":{"start":{"line":10,"column":12},"end":{"line":10,"column":24}},"5":{"start":{"line":15,"column":8},"end":{"line":21,"column":9}},"6":{"start":{"line":16,"column":34},"end":{"line":16,"column":44}},"7":{"start":{"line":17,"column":32},"end":{"line":17,"column":77}},"8":{"start":{"line":18,"column":12},"end":{"line":18,"column":34}},"9":{"start":{"line":20,"column":12},"end":{"line":20,"column":24}},"10":{"start":{"line":25,"column":8},"end":{"line":32,"column":9}},"11":{"start":{"line":26,"column":35},"end":{"line":26,"column":45}},"12":{"start":{"line":27,"column":36},"end":{"line":27,"column":44}},"13":{"start":{"line":28,"column":28},"end":{"line":28,"column":84}},"14":{"start":{"line":29,"column":13},"end":{"line":29,"column":30}},"15":{"start":{"line":31,"column":12},"end":{"line":31,"column":24}},"16":{"start":{"line":36,"column":0},"end":{"line":36,"column":40}}},"fnMap":{"0":{"name":"(anonymous_0)","decl":{"start":{"line":5,"column":4},"end":{"line":5,"column":5}},"loc":{"start":{"line":5,"column":39},"end":{"line":12,"column":5}},"line":5},"1":{"name":"(anonymous_1)","decl":{"start":{"line":14,"column":4},"end":{"line":14,"column":5}},"loc":{"start":{"line":14,"column":42},"end":{"line":22,"column":5}},"line":14},"2":{"name":"(anonymous_2)","decl":{"start":{"line":24,"column":4},"end":{"line":24,"column":5}},"loc":{"start":{"line":24,"column":40},"end":{"line":33,"column":5}},"line":24}},"branchMap":{},"s":{"0":2,"1":0,"2":0,"3":0,"4":0,"5":0,"6":0,"7":0,"8":0,"9":0,"10":0,"11":0,"12":0,"13":0,"14":0,"15":0,"16":2},"f":{"0":0,"1":0,"2":0},"b":{},"_coverageSchema":"1a1c01bbd47fc00a2c39e90264f33305004495a9","hash":"2593eb3b3f4adb7ff05ab6fcf5fe1e01f41ef29e"}
,"/app/src/middleware/auth.middleware.js": {"path":"/app/src/middleware/auth.middleware.js","statementMap":{"0":{"start":{"line":1,"column":15},"end":{"line":1,"column":42}},"1":{"start":{"line":3,"column":24},"end":{"line":9,"column":1}},"2":{"start":{"line":4,"column":20},"end":{"line":4,"column":45}},"3":{"start":{"line":5,"column":2},"end":{"line":7,"column":3}},"4":{"start":{"line":6,"column":4},"end":{"line":6,"column":65}},"5":{"start":{"line":8,"column":2},"end":{"line":8,"column":9}},"6":{"start":{"line":11,"column":0},"end":{"line":11,"column":33}}},"fnMap":{"0":{"name":"(anonymous_0)","decl":{"start":{"line":3,"column":24},"end":{"line":3,"column":25}},"loc":{"start":{"line":3,"column":44},"end":{"line":9,"column":1}},"line":3}},"branchMap":{"0":{"loc":{"start":{"line":5,"column":2},"end":{"line":7,"column":3}},"type":"if","locations":[{"start":{"line":5,"column":2},"end":{"line":7,"column":3}},{"start":{},"end":{}}],"line":5}},"s":{"0":2,"1":2,"2":2,"3":2,"4":1,"5":1,"6":2},"f":{"0":2},"b":{"0":[1,1]},"_coverageSchema":"1a1c01bbd47fc00a2c39e90264f33305004495a9","hash":"7d4413739eb2d03730dd6bbe28dc7314a331822d"}
,"/app/src/middleware/error.middleware.js": {"path":"/app/src/middleware/error.middleware.js","statementMap":{"0":{"start":{"line":1,"column":21},"end":{"line":12,"column":1}},"1":{"start":{"line":2,"column":2},"end":{"line":2,"column":33}},"2":{"start":{"line":4,"column":21},"end":{"line":4,"column":42}},"3":{"start":{"line":5,"column":18},"end":{"line":5,"column":56}},"4":{"start":{"line":7,"column":2},"end":{"line":11,"column":5}},"5":{"start":{"line":14,"column":0},"end":{"line":14,"column":30}}},"fnMap":{"0":{"name":"(anonymous_0)","decl":{"start":{"line":1,"column":21},"end":{"line":1,"column":22}},"loc":{"start":{"line":1,"column":46},"end":{"line":12,"column":1}},"line":1}},"branchMap":{"0":{"loc":{"start":{"line":4,"column":21},"end":{"line":4,"column":42}},"type":"binary-expr","locations":[{"start":{"line":4,"column":21},"end":{"line":4,"column":35}},{"start":{"line":4,"column":39},"end":{"line":4,"column":42}}],"line":4},"1":{"loc":{"start":{"line":5,"column":18},"end":{"line":5,"column":56}},"type":"binary-expr","locations":[{"start":{"line":5,"column":18},"end":{"line":5,"column":29}},{"start":{"line":5,"column":33},"end":{"line":5,"column":56}}],"line":5}},"s":{"0":2,"1":0,"2":0,"3":0,"4":0,"5":2},"f":{"0":0},"b":{"0":[0,0],"1":[0,0]},"_coverageSchema":"1a1c01bbd47fc00a2c39e90264f33305004495a9","hash":"0019b24776c114bf603600ab46e0372176f69cad"}
,"/app/src/routes/api.routes.js": {"path":"/app/src/routes/api.routes.js","statementMap":{"0":{"start":{"line":1,"column":16},"end":{"line":1,"column":34}},"1":{"start":{"line":2,"column":15},"end":{"line":2,"column":31}},"2":{"start":{"line":3,"column":23},"end":{"line":3,"column":64}},"3":{"start":{"line":4,"column":23},"end":{"line":4,"column":64}},"4":{"start":{"line":5,"column":22},"end":{"line":5,"column":62}},"5":{"start":{"line":6,"column":25},"end":{"line":6,"column":68}},"6":{"start":{"line":7,"column":23},"end":{"line":7,"column":63}},"7":{"start":{"line":10,"column":0},"end":{"line":10,"column":49}},"8":{"start":{"line":11,"column":0},"end":{"line":11,"column":51}},"9":{"start":{"line":12,"column":0},"end":{"line":12,"column":61}},"10":{"start":{"line":15,"column":0},"end":{"line":15,"column":47}},"11":{"start":{"line":16,"column":0},"end":{"line":16,"column":53}},"12":{"start":{"line":17,"column":0},"end":{"line":17,"column":55}},"13":{"start":{"line":20,"column":0},"end":{"line":20,"column":78}},"14":{"start":{"line":21,"column":0},"end":{"line":21,"column":104}},"15":{"start":{"line":22,"column":0},"end":{"line":22,"column":98}},"16":{"start":{"line":25,"column":0},"end":{"line":25,"column":82}},"17":{"start":{"line":26,"column":0},"end":{"line":26,"column":70}},"18":{"start":{"line":27,"column":0},"end":{"line":27,"column":72}},"19":{"start":{"line":28,"column":0},"end":{"line":28,"column":72}},"20":{"start":{"line":29,"column":0},"end":{"line":29,"column":70}},"21":{"start":{"line":30,"column":0},"end":{"line":30,"column":48}},"22":{"start":{"line":32,"column":0},"end":{"line":32,"column":24}}},"fnMap":{},"branchMap":{},"s":{"0":2,"1":2,"2":2,"3":2,"4":2,"5":2,"6":2,"7":2,"8":2,"9":2,"10":2,"11":2,"12":2,"13":2,"14":2,"15":2,"16":2,"17":2,"18":2,"19":2,"20":2,"21":2,"22":2},"f":{},"b":{},"_coverageSchema":"1a1c01bbd47fc00a2c39e90264f33305004495a9","hash":"becb51ecdd93137bcec398c142a808171c82b387"}
,"/app/src/services/cartesia.service.js": {"path":"/app/src/services/cartesia.service.js","statementMap":{"0":{"start":{"line":1,"column":15},"end":{"line":1,"column":42}},"1":{"start":{"line":5,"column":4},"end":{"line":5,"column":45}},"2":{"start":{"line":6,"column":4},"end":{"line":6,"column":40}},"3":{"start":{"line":10,"column":16},"end":{"line":10,"column":43}},"4":{"start":{"line":11,"column":20},"end":{"line":22,"column":5}},"5":{"start":{"line":24,"column":21},"end":{"line":32,"column":6}},"6":{"start":{"line":34,"column":4},"end":{"line":37,"column":5}},"7":{"start":{"line":35,"column":26},"end":{"line":35,"column":47}},"8":{"start":{"line":36,"column":8},"end":{"line":36,"column":81}},"9":{"start":{"line":39,"column":24},"end":{"line":39,"column":52}},"10":{"start":{"line":40,"column":4},"end":{"line":40,"column":55}},"11":{"start":{"line":44,"column":0},"end":{"line":44,"column":39}}},"fnMap":{"0":{"name":"(anonymous_0)","decl":{"start":{"line":4,"column":2},"end":{"line":4,"column":3}},"loc":{"start":{"line":4,"column":16},"end":{"line":7,"column":3}},"line":4},"1":{"name":"(anonymous_1)","decl":{"start":{"line":9,"column":2},"end":{"line":9,"column":3}},"loc":{"start":{"line":9,"column":62},"end":{"line":41,"column":3}},"line":9}},"branchMap":{"0":{"loc":{"start":{"line":9,"column":28},"end":{"line":9,"column":60}},"type":"default-arg","locations":[{"start":{"line":9,"column":38},"end":{"line":9,"column":60}}],"line":9},"1":{"loc":{"start":{"line":34,"column":4},"end":{"line":37,"column":5}},"type":"if","locations":[{"start":{"line":34,"column":4},"end":{"line":37,"column":5}},{"start":{},"end":{}}],"line":34}},"s":{"0":2,"1":2,"2":2,"3":0,"4":0,"5":0,"6":0,"7":0,"8":0,"9":0,"10":0,"11":2},"f":{"0":2,"1":0},"b":{"0":[0],"1":[0,0]},"_coverageSchema":"1a1c01bbd47fc00a2c39e90264f33305004495a9","hash":"c56a8689b4c2a5db463904b439228d3a941c4a5b"}
,"/app/src/services/deepgram.service.js": {"path":"/app/src/services/deepgram.service.js","statementMap":{"0":{"start":{"line":1,"column":15},"end":{"line":1,"column":42}},"1":{"start":{"line":5,"column":4},"end":{"line":5,"column":49}},"2":{"start":{"line":9,"column":4},"end":{"line":11,"column":5}},"3":{"start":{"line":10,"column":6},"end":{"line":10,"column":57}},"4":{"start":{"line":13,"column":24},"end":{"line":13,"column":58}},"5":{"start":{"line":16,"column":21},"end":{"line":23,"column":6}},"6":{"start":{"line":25,"column":4},"end":{"line":28,"column":5}},"7":{"start":{"line":26,"column":27},"end":{"line":26,"column":48}},"8":{"start":{"line":27,"column":9},"end":{"line":27,"column":78}},"9":{"start":{"line":30,"column":17},"end":{"line":30,"column":38}},"10":{"start":{"line":31,"column":23},"end":{"line":31,"column":87}},"11":{"start":{"line":33,"column":4},"end":{"line":33,"column":22}},"12":{"start":{"line":37,"column":0},"end":{"line":37,"column":39}}},"fnMap":{"0":{"name":"(anonymous_0)","decl":{"start":{"line":4,"column":2},"end":{"line":4,"column":3}},"loc":{"start":{"line":4,"column":16},"end":{"line":6,"column":3}},"line":4},"1":{"name":"(anonymous_1)","decl":{"start":{"line":8,"column":2},"end":{"line":8,"column":3}},"loc":{"start":{"line":8,"column":37},"end":{"line":34,"column":3}},"line":8}},"branchMap":{"0":{"loc":{"start":{"line":9,"column":4},"end":{"line":11,"column":5}},"type":"if","locations":[{"start":{"line":9,"column":4},"end":{"line":11,"column":5}},{"start":{},"end":{}}],"line":9},"1":{"loc":{"start":{"line":25,"column":4},"end":{"line":28,"column":5}},"type":"if","locations":[{"start":{"line":25,"column":4},"end":{"line":28,"column":5}},{"start":{},"end":{}}],"line":25},"2":{"loc":{"start":{"line":31,"column":23},"end":{"line":31,"column":87}},"type":"binary-expr","locations":[{"start":{"line":31,"column":23},"end":{"line":31,"column":81}},{"start":{"line":31,"column":85},"end":{"line":31,"column":87}}],"line":31}},"s":{"0":2,"1":2,"2":0,"3":0,"4":0,"5":0,"6":0,"7":0,"8":0,"9":0,"10":0,"11":0,"12":2},"f":{"0":2,"1":0},"b":{"0":[0,0],"1":[0,0],"2":[0,0]},"_coverageSchema":"1a1c01bbd47fc00a2c39e90264f33305004495a9","hash":"f9c17b5037f17f5effc34db9bd54ff86944c110d"}
,"/app/src/services/gemini.service.js": {"path":"/app/src/services/gemini.service.js","statementMap":{"0":{"start":{"line":1,"column":15},"end":{"line":1,"column":42}},"1":{"start":{"line":2,"column":36},"end":{"line":2,"column":65}},"2":{"start":{"line":6,"column":4},"end":{"line":6,"column":70}},"3":{"start":{"line":7,"column":4},"end":{"line":7,"column":40}},"4":{"start":{"line":11,"column":16},"end":{"line":11,"column":99}},"5":{"start":{"line":15,"column":20},"end":{"line":23,"column":5}},"6":{"start":{"line":25,"column":4},"end":{"line":45,"column":5}},"7":{"start":{"line":26,"column":19},"end":{"line":30,"column":8}},"8":{"start":{"line":32,"column":6},"end":{"line":39,"column":7}},"9":{"start":{"line":34,"column":8},"end":{"line":34,"column":89}},"10":{"start":{"line":35,"column":8},"end":{"line":37,"column":9}},"11":{"start":{"line":36,"column":13},"end":{"line":36,"column":100}},"12":{"start":{"line":38,"column":8},"end":{"line":38,"column":64}},"13":{"start":{"line":41,"column":6},"end":{"line":41,"column":54}},"14":{"start":{"line":43,"column":8},"end":{"line":43,"column":54}},"15":{"start":{"line":44,"column":8},"end":{"line":44,"column":20}},"16":{"start":{"line":49,"column":0},"end":{"line":49,"column":37}}},"fnMap":{"0":{"name":"(anonymous_0)","decl":{"start":{"line":5,"column":2},"end":{"line":5,"column":3}},"loc":{"start":{"line":5,"column":16},"end":{"line":8,"column":3}},"line":5},"1":{"name":"(anonymous_1)","decl":{"start":{"line":10,"column":2},"end":{"line":10,"column":3}},"loc":{"start":{"line":10,"column":46},"end":{"line":46,"column":3}},"line":10}},"branchMap":{"0":{"loc":{"start":{"line":32,"column":6},"end":{"line":39,"column":7}},"type":"if","locations":[{"start":{"line":32,"column":6},"end":{"line":39,"column":7}},{"start":{},"end":{}}],"line":32},"1":{"loc":{"start":{"line":32,"column":10},"end":{"line":32,"column":57}},"type":"binary-expr","locations":[{"start":{"line":32,"column":10},"end":{"line":32,"column":26}},{"start":{"line":32,"column":30},"end":{"line":32,"column":57}}],"line":32},"2":{"loc":{"start":{"line":35,"column":8},"end":{"line":37,"column":9}},"type":"if","locations":[{"start":{"line":35,"column":8},"end":{"line":37,"column":9}},{"start":{},"end":{}}],"line":35},"3":{"loc":{"start":{"line":35,"column":12},"end":{"line":35,"column":66}},"type":"binary-expr","locations":[{"start":{"line":35,"column":12},"end":{"line":35,"column":31}},{"start":{"line":35,"column":35},"end":{"line":35,"column":66}}],"line":35}},"s":{"0":3,"1":3,"2":3,"3":3,"4":2,"5":2,"6":2,"7":2,"8":2,"9":1,"10":1,"11":0,"12":1,"13":1,"14":1,"15":1,"16":3},"f":{"0":3,"1":2},"b":{"0":[1,1],"1":[2,1],"2":[0,1],"3":[1,0]},"_coverageSchema":"1a1c01bbd47fc00a2c39e90264f33305004495a9","hash":"d827ba24f7956bbdaaff1cbfc1dfff69f56f1e2a"}
,"/app/src/services/github.service.js": {"path":"/app/src/services/github.service.js","statementMap":{"0":{"start":{"line":1,"column":26},"end":{"line":1,"column":55}},"1":{"start":{"line":5,"column":16},"end":{"line":5,"column":86}},"2":{"start":{"line":7,"column":21},"end":{"line":7,"column":37}},"3":{"start":{"line":8,"column":4},"end":{"line":10,"column":5}},"4":{"start":{"line":9,"column":8},"end":{"line":9,"column":69}},"5":{"start":{"line":11,"column":4},"end":{"line":11,"column":33}},"6":{"start":{"line":15,"column":0},"end":{"line":15,"column":37}}},"fnMap":{"0":{"name":"(anonymous_0)","decl":{"start":{"line":4,"column":2},"end":{"line":4,"column":3}},"loc":{"start":{"line":4,"column":54},"end":{"line":12,"column":3}},"line":4}},"branchMap":{"0":{"loc":{"start":{"line":4,"column":37},"end":{"line":4,"column":52}},"type":"default-arg","locations":[{"start":{"line":4,"column":46},"end":{"line":4,"column":52}}],"line":4},"1":{"loc":{"start":{"line":8,"column":4},"end":{"line":10,"column":5}},"type":"if","locations":[{"start":{"line":8,"column":4},"end":{"line":10,"column":5}},{"start":{},"end":{}}],"line":8}},"s":{"0":2,"1":0,"2":0,"3":0,"4":0,"5":0,"6":2},"f":{"0":0},"b":{"0":[0],"1":[0,0]},"_coverageSchema":"1a1c01bbd47fc00a2c39e90264f33305004495a9","hash":"f1eae08692214c5d5f108b1b1287df7f5f24cd33"}
,"/app/src/services/groq.service.js": {"path":"/app/src/services/groq.service.js","statementMap":{"0":{"start":{"line":1,"column":15},"end":{"line":1,"column":42}},"1":{"start":{"line":2,"column":26},"end":{"line":2,"column":55}},"2":{"start":{"line":6,"column":4},"end":{"line":6,"column":52}},"3":{"start":{"line":10,"column":21},"end":{"line":15,"column":5}},"4":{"start":{"line":17,"column":22},"end":{"line":17,"column":57}},"5":{"start":{"line":19,"column":21},"end":{"line":23,"column":5}},"6":{"start":{"line":21,"column":29},"end":{"line":21,"column":69}},"7":{"start":{"line":25,"column":20},"end":{"line":30,"column":5}},"8":{"start":{"line":32,"column":17},"end":{"line":39,"column":6}},"9":{"start":{"line":41,"column":4},"end":{"line":45,"column":6}},"10":{"start":{"line":49,"column":0},"end":{"line":49,"column":35}}},"fnMap":{"0":{"name":"(anonymous_0)","decl":{"start":{"line":5,"column":2},"end":{"line":5,"column":3}},"loc":{"start":{"line":5,"column":16},"end":{"line":7,"column":3}},"line":5},"1":{"name":"(anonymous_1)","decl":{"start":{"line":9,"column":2},"end":{"line":9,"column":3}},"loc":{"start":{"line":9,"column":85},"end":{"line":46,"column":3}},"line":9},"2":{"name":"(anonymous_2)","decl":{"start":{"line":21,"column":21},"end":{"line":21,"column":22}},"loc":{"start":{"line":21,"column":29},"end":{"line":21,"column":69}},"line":21}},"branchMap":{"0":{"loc":{"start":{"line":9,"column":48},"end":{"line":9,"column":60}},"type":"default-arg","locations":[{"start":{"line":9,"column":58},"end":{"line":9,"column":60}}],"line":9},"1":{"loc":{"start":{"line":9,"column":62},"end":{"line":9,"column":83}},"type":"default-arg","locations":[{"start":{"line":9,"column":72},"end":{"line":9,"column":83}}],"line":9},"2":{"loc":{"start":{"line":17,"column":22},"end":{"line":17,"column":57}},"type":"binary-expr","locations":[{"start":{"line":17,"column":22},"end":{"line":17,"column":39}},{"start":{"line":17,"column":43},"end":{"line":17,"column":57}}],"line":17}},"s":{"0":2,"1":2,"2":2,"3":0,"4":0,"5":0,"6":0,"7":0,"8":0,"9":0,"10":2},"f":{"0":2,"1":0,"2":0},"b":{"0":[0],"1":[0],"2":[0,0]},"_coverageSchema":"1a1c01bbd47fc00a2c39e90264f33305004495a9","hash":"26d350db776afc80155e498f7262b6d2618d13f4"}
,"/app/src/services/mcp.service.js": {"path":"/app/src/services/mcp.service.js","statementMap":{"0":{"start":{"line":1,"column":11},"end":{"line":1,"column":33}},"1":{"start":{"line":2,"column":13},"end":{"line":2,"column":28}},"2":{"start":{"line":3,"column":17},"end":{"line":3,"column":41}},"3":{"start":{"line":4,"column":13},"end":{"line":4,"column":28}},"4":{"start":{"line":5,"column":20},"end":{"line":5,"column":40}},"5":{"start":{"line":10,"column":4},"end":{"line":10,"column":57}},"6":{"start":{"line":12,"column":31},"end":{"line":12,"column":77}},"7":{"start":{"line":13,"column":4},"end":{"line":13,"column":53}},"8":{"start":{"line":17,"column":4},"end":{"line":17,"column":54}},"9":{"start":{"line":18,"column":20},"end":{"line":18,"column":56}},"10":{"start":{"line":19,"column":4},"end":{"line":24,"column":6}},"11":{"start":{"line":28,"column":4},"end":{"line":28,"column":54}},"12":{"start":{"line":29,"column":20},"end":{"line":29,"column":42}},"13":{"start":{"line":30,"column":4},"end":{"line":30,"column":49}},"14":{"start":{"line":31,"column":4},"end":{"line":31,"column":51}},"15":{"start":{"line":32,"column":4},"end":{"line":36,"column":6}},"16":{"start":{"line":40,"column":4},"end":{"line":40,"column":58}},"17":{"start":{"line":41,"column":18},"end":{"line":41,"column":68}},"18":{"start":{"line":42,"column":18},"end":{"line":46,"column":7}},"19":{"start":{"line":42,"column":37},"end":{"line":46,"column":5}},"20":{"start":{"line":47,"column":4},"end":{"line":52,"column":6}},"21":{"start":{"line":56,"column":6},"end":{"line":56,"column":67}},"22":{"start":{"line":57,"column":22},"end":{"line":57,"column":47}},"23":{"start":{"line":58,"column":6},"end":{"line":58,"column":51}},"24":{"start":{"line":60,"column":20},"end":{"line":60,"column":41}},"25":{"start":{"line":61,"column":6},"end":{"line":65,"column":7}},"26":{"start":{"line":62,"column":8},"end":{"line":62,"column":57}},"27":{"start":{"line":64,"column":8},"end":{"line":64,"column":47}},"28":{"start":{"line":66,"column":6},"end":{"line":66,"column":52}},"29":{"start":{"line":70,"column":4},"end":{"line":70,"column":53}},"30":{"start":{"line":71,"column":18},"end":{"line":71,"column":67}},"31":{"start":{"line":73,"column":4},"end":{"line":82,"column":5}},"32":{"start":{"line":74,"column":22},"end":{"line":74,"column":50}},"33":{"start":{"line":75,"column":23},"end":{"line":75,"column":56}},"34":{"start":{"line":77,"column":6},"end":{"line":81,"column":7}},"35":{"start":{"line":78,"column":8},"end":{"line":78,"column":55}},"36":{"start":{"line":80,"column":8},"end":{"line":80,"column":45}},"37":{"start":{"line":86,"column":0},"end":{"line":86,"column":34}}},"fnMap":{"0":{"name":"(anonymous_0)","decl":{"start":{"line":9,"column":2},"end":{"line":9,"column":3}},"loc":{"start":{"line":9,"column":32},"end":{"line":14,"column":3}},"line":9},"1":{"name":"(anonymous_1)","decl":{"start":{"line":16,"column":2},"end":{"line":16,"column":3}},"loc":{"start":{"line":16,"column":27},"end":{"line":25,"column":3}},"line":16},"2":{"name":"(anonymous_2)","decl":{"start":{"line":27,"column":2},"end":{"line":27,"column":3}},"loc":{"start":{"line":27,"column":37},"end":{"line":37,"column":3}},"line":27},"3":{"name":"(anonymous_3)","decl":{"start":{"line":39,"column":2},"end":{"line":39,"column":3}},"loc":{"start":{"line":39,"column":33},"end":{"line":53,"column":3}},"line":39},"4":{"name":"(anonymous_4)","decl":{"start":{"line":42,"column":28},"end":{"line":42,"column":29}},"loc":{"start":{"line":42,"column":37},"end":{"line":46,"column":5}},"line":42},"5":{"name":"(anonymous_5)","decl":{"start":{"line":55,"column":2},"end":{"line":55,"column":3}},"loc":{"start":{"line":55,"column":38},"end":{"line":67,"column":3}},"line":55},"6":{"name":"(anonymous_6)","decl":{"start":{"line":69,"column":2},"end":{"line":69,"column":3}},"loc":{"start":{"line":69,"column":46},"end":{"line":83,"column":3}},"line":69}},"branchMap":{"0":{"loc":{"start":{"line":39,"column":18},"end":{"line":39,"column":31}},"type":"default-arg","locations":[{"start":{"line":39,"column":28},"end":{"line":39,"column":31}}],"line":39},"1":{"loc":{"start":{"line":44,"column":12},"end":{"line":44,"column":53}},"type":"cond-expr","locations":[{"start":{"line":44,"column":33},"end":{"line":44,"column":44}},{"start":{"line":44,"column":47},"end":{"line":44,"column":53}}],"line":44},"2":{"loc":{"start":{"line":61,"column":6},"end":{"line":65,"column":7}},"type":"if","locations":[{"start":{"line":61,"column":6},"end":{"line":65,"column":7}},{"start":{"line":63,"column":13},"end":{"line":65,"column":7}}],"line":61},"3":{"loc":{"start":{"line":77,"column":6},"end":{"line":81,"column":7}},"type":"if","locations":[{"start":{"line":77,"column":6},"end":{"line":81,"column":7}},{"start":{"line":79,"column":13},"end":{"line":81,"column":7}}],"line":77}},"s":{"0":2,"1":2,"2":2,"3":2,"4":2,"5":1,"6":1,"7":1,"8":0,"9":0,"10":0,"11":0,"12":0,"13":0,"14":0,"15":0,"16":0,"17":0,"18":0,"19":0,"20":0,"21":0,"22":0,"23":0,"24":0,"25":0,"26":0,"27":0,"28":0,"29":0,"30":0,"31":0,"32":0,"33":0,"34":0,"35":0,"36":0,"37":2},"f":{"0":1,"1":0,"2":0,"3":0,"4":0,"5":0,"6":0},"b":{"0":[0],"1":[0,0],"2":[0,0],"3":[0,0]},"_coverageSchema":"1a1c01bbd47fc00a2c39e90264f33305004495a9","hash":"2faa3406c43473d57a225ab9f7e9b47fe483cc40"}
,"/app/src/services/render.service.js": {"path":"/app/src/services/render.service.js","statementMap":{"0":{"start":{"line":1,"column":15},"end":{"line":1,"column":42}},"1":{"start":{"line":2,"column":26},"end":{"line":2,"column":55}},"2":{"start":{"line":6,"column":4},"end":{"line":6,"column":47}},"3":{"start":{"line":7,"column":4},"end":{"line":7,"column":45}},"4":{"start":{"line":11,"column":4},"end":{"line":13,"column":5}},"5":{"start":{"line":12,"column":6},"end":{"line":12,"column":55}},"6":{"start":{"line":15,"column":4},"end":{"line":21,"column":7}},"7":{"start":{"line":25,"column":4},"end":{"line":27,"column":5}},"8":{"start":{"line":26,"column":8},"end":{"line":26,"column":57}},"9":{"start":{"line":29,"column":4},"end":{"line":35,"column":7}},"10":{"start":{"line":39,"column":6},"end":{"line":41,"column":7}},"11":{"start":{"line":40,"column":10},"end":{"line":40,"column":59}},"12":{"start":{"line":43,"column":6},"end":{"line":51,"column":9}},"13":{"start":{"line":55,"column":0},"end":{"line":55,"column":37}}},"fnMap":{"0":{"name":"(anonymous_0)","decl":{"start":{"line":5,"column":2},"end":{"line":5,"column":3}},"loc":{"start":{"line":5,"column":16},"end":{"line":8,"column":3}},"line":5},"1":{"name":"(anonymous_1)","decl":{"start":{"line":10,"column":2},"end":{"line":10,"column":3}},"loc":{"start":{"line":10,"column":22},"end":{"line":22,"column":3}},"line":10},"2":{"name":"(anonymous_2)","decl":{"start":{"line":24,"column":2},"end":{"line":24,"column":3}},"loc":{"start":{"line":24,"column":34},"end":{"line":36,"column":3}},"line":24},"3":{"name":"(anonymous_3)","decl":{"start":{"line":38,"column":2},"end":{"line":38,"column":3}},"loc":{"start":{"line":38,"column":53},"end":{"line":52,"column":3}},"line":38}},"branchMap":{"0":{"loc":{"start":{"line":11,"column":4},"end":{"line":13,"column":5}},"type":"if","locations":[{"start":{"line":11,"column":4},"end":{"line":13,"column":5}},{"start":{},"end":{}}],"line":11},"1":{"loc":{"start":{"line":25,"column":4},"end":{"line":27,"column":5}},"type":"if","locations":[{"start":{"line":25,"column":4},"end":{"line":27,"column":5}},{"start":{},"end":{}}],"line":25},"2":{"loc":{"start":{"line":38,"column":33},"end":{"line":38,"column":51}},"type":"default-arg","locations":[{"start":{"line":38,"column":46},"end":{"line":38,"column":51}}],"line":38},"3":{"loc":{"start":{"line":39,"column":6},"end":{"line":41,"column":7}},"type":"if","locations":[{"start":{"line":39,"column":6},"end":{"line":41,"column":7}},{"start":{},"end":{}}],"line":39}},"s":{"0":2,"1":2,"2":2,"3":2,"4":0,"5":0,"6":0,"7":0,"8":0,"9":0,"10":0,"11":0,"12":0,"13":2},"f":{"0":2,"1":0,"2":0,"3":0},"b":{"0":[0,0],"1":[0,0],"2":[0],"3":[0,0]},"_coverageSchema":"1a1c01bbd47fc00a2c39e90264f33305004495a9","hash":"9fe2f9f40e651c69413732de8981d689203b77b1"}
,"/app/src/utils/apiClient.js": {"path":"/app/src/utils/apiClient.js","statementMap":{"0":{"start":{"line":1,"column":15},"end":{"line":1,"column":42}},"1":{"start":{"line":5,"column":4},"end":{"line":5,"column":19}},"2":{"start":{"line":6,"column":4},"end":{"line":6,"column":33}},"3":{"start":{"line":7,"column":4},"end":{"line":7,"column":69}},"4":{"start":{"line":8,"column":4},"end":{"line":8,"column":30}},"5":{"start":{"line":10,"column":4},"end":{"line":10,"column":52}},"6":{"start":{"line":14,"column":22},"end":{"line":41,"column":1}},"7":{"start":{"line":15,"column":2},"end":{"line":40,"column":3}},"8":{"start":{"line":16,"column":21},"end":{"line":16,"column":46}},"9":{"start":{"line":19,"column":4},"end":{"line":28,"column":5}},"10":{"start":{"line":20,"column":27},"end":{"line":20,"column":74}},"11":{"start":{"line":21,"column":8},"end":{"line":26,"column":9}},"12":{"start":{"line":22,"column":30},"end":{"line":22,"column":51}},"13":{"start":{"line":23,"column":13},"end":{"line":23,"column":46}},"14":{"start":{"line":27,"column":6},"end":{"line":27,"column":56}},"15":{"start":{"line":31,"column":24},"end":{"line":31,"column":60}},"16":{"start":{"line":32,"column":4},"end":{"line":34,"column":5}},"17":{"start":{"line":33,"column":6},"end":{"line":33,"column":35}},"18":{"start":{"line":37,"column":4},"end":{"line":37,"column":33}},"19":{"start":{"line":39,"column":4},"end":{"line":39,"column":16}},"20":{"start":{"line":43,"column":0},"end":{"line":46,"column":2}}},"fnMap":{"0":{"name":"(anonymous_0)","decl":{"start":{"line":4,"column":2},"end":{"line":4,"column":3}},"loc":{"start":{"line":4,"column":35},"end":{"line":11,"column":3}},"line":4},"1":{"name":"(anonymous_1)","decl":{"start":{"line":14,"column":22},"end":{"line":14,"column":23}},"loc":{"start":{"line":14,"column":51},"end":{"line":41,"column":1}},"line":14}},"branchMap":{"0":{"loc":{"start":{"line":7,"column":18},"end":{"line":7,"column":68}},"type":"cond-expr","locations":[{"start":{"line":7,"column":52},"end":{"line":7,"column":58}},{"start":{"line":7,"column":61},"end":{"line":7,"column":68}}],"line":7},"1":{"loc":{"start":{"line":14,"column":34},"end":{"line":14,"column":46}},"type":"default-arg","locations":[{"start":{"line":14,"column":44},"end":{"line":14,"column":46}}],"line":14},"2":{"loc":{"start":{"line":19,"column":4},"end":{"line":28,"column":5}},"type":"if","locations":[{"start":{"line":19,"column":4},"end":{"line":28,"column":5}},{"start":{},"end":{}}],"line":19},"3":{"loc":{"start":{"line":32,"column":4},"end":{"line":34,"column":5}},"type":"if","locations":[{"start":{"line":32,"column":4},"end":{"line":34,"column":5}},{"start":{},"end":{}}],"line":32},"4":{"loc":{"start":{"line":32,"column":8},"end":{"line":32,"column":63}},"type":"binary-expr","locations":[{"start":{"line":32,"column":8},"end":{"line":32,"column":19}},{"start":{"line":32,"column":23},"end":{"line":32,"column":63}}],"line":32}},"s":{"0":3,"1":0,"2":0,"3":0,"4":0,"5":0,"6":3,"7":0,"8":0,"9":0,"10":0,"11":0,"12":0,"13":0,"14":0,"15":0,"16":0,"17":0,"18":0,"19":0,"20":3},"f":{"0":0,"1":0},"b":{"0":[0,0],"1":[0],"2":[0,0],"3":[0,0],"4":[0,0]},"_coverageSchema":"1a1c01bbd47fc00a2c39e90264f33305004495a9","hash":"2ed739a1dbe233f5b672d2f3a9468e1cabb935a2"}
}
