{"/app/mcp-server/services/ambientation.js": {"path":"/app/mcp-server/services/ambientation.js","statementMap":{"0":{"start":{"line":9,"column":4},"end":{"line":9,"column":23}},"1":{"start":{"line":10,"column":4},"end":{"line":39,"column":6}},"2":{"start":{"line":41,"column":4},"end":{"line":47,"column":6}},"3":{"start":{"line":51,"column":4},"end":{"line":51,"column":22}},"4":{"start":{"line":52,"column":4},"end":{"line":52,"column":42}},"5":{"start":{"line":55,"column":4},"end":{"line":66,"column":9}},"6":{"start":{"line":57,"column":8},"end":{"line":61,"column":9}},"7":{"start":{"line":58,"column":10},"end":{"line":58,"column":62}},"8":{"start":{"line":59,"column":10},"end":{"line":59,"column":62}},"9":{"start":{"line":60,"column":10},"end":{"line":60,"column":66}},"10":{"start":{"line":62,"column":8},"end":{"line":62,"column":49}},"11":{"start":{"line":65,"column":8},"end":{"line":65,"column":59}},"12":{"start":{"line":70,"column":4},"end":{"line":70,"column":22}},"13":{"start":{"line":74,"column":4},"end":{"line":78,"column":6}},"14":{"start":{"line":82,"column":4},"end":{"line":112,"column":5}},"15":{"start":{"line":83,"column":23},"end":{"line":83,"column":75}},"16":{"start":{"line":84,"column":6},"end":{"line":84,"column":36}},"17":{"start":{"line":84,"column":24},"end":{"line":84,"column":36}},"18":{"start":{"line":86,"column":19},"end":{"line":86,"column":40}},"19":{"start":{"line":87,"column":6},"end":{"line":87,"column":77}},"20":{"start":{"line":87,"column":65},"end":{"line":87,"column":77}},"21":{"start":{"line":89,"column":22},"end":{"line":89,"column":47}},"22":{"start":{"line":90,"column":19},"end":{"line":90,"column":61}},"23":{"start":{"line":91,"column":20},"end":{"line":91,"column":48}},"24":{"start":{"line":94,"column":27},"end":{"line":94,"column":82}},"25":{"start":{"line":95,"column":22},"end":{"line":95,"column":74}},"26":{"start":{"line":95,"column":51},"end":{"line":95,"column":73}},"27":{"start":{"line":98,"column":23},"end":{"line":98,"column":51}},"28":{"start":{"line":99,"column":6},"end":{"line":101,"column":7}},"29":{"start":{"line":100,"column":10},"end":{"line":100,"column":27}},"30":{"start":{"line":103,"column":6},"end":{"line":108,"column":8}},"31":{"start":{"line":110,"column":6},"end":{"line":110,"column":54}},"32":{"start":{"line":111,"column":6},"end":{"line":111,"column":18}},"33":{"start":{"line":117,"column":17},"end":{"line":117,"column":51}},"34":{"start":{"line":118,"column":4},"end":{"line":118,"column":41}},"35":{"start":{"line":122,"column":16},"end":{"line":122,"column":26}},"36":{"start":{"line":123,"column":17},"end":{"line":123,"column":89}},"37":{"start":{"line":126,"column":25},"end":{"line":126,"column":35}},"38":{"start":{"line":127,"column":4},"end":{"line":139,"column":5}},"39":{"start":{"line":129,"column":8},"end":{"line":138,"column":82}},"40":{"start":{"line":131,"column":16},"end":{"line":135,"column":17}},"41":{"start":{"line":132,"column":18},"end":{"line":132,"column":70}},"42":{"start":{"line":133,"column":18},"end":{"line":133,"column":70}},"43":{"start":{"line":134,"column":18},"end":{"line":134,"column":74}},"44":{"start":{"line":136,"column":16},"end":{"line":136,"column":57}},"45":{"start":{"line":138,"column":26},"end":{"line":138,"column":80}},"46":{"start":{"line":143,"column":4},"end":{"line":149,"column":5}},"47":{"start":{"line":144,"column":6},"end":{"line":144,"column":19}},"48":{"start":{"line":145,"column":11},"end":{"line":149,"column":5}},"49":{"start":{"line":146,"column":6},"end":{"line":146,"column":25}},"50":{"start":{"line":148,"column":6},"end":{"line":148,"column":21}},"51":{"start":{"line":155,"column":4},"end":{"line":157,"column":5}},"52":{"start":{"line":156,"column":6},"end":{"line":156,"column":20}},"53":{"start":{"line":159,"column":25},"end":{"line":159,"column":75}},"54":{"start":{"line":161,"column":4},"end":{"line":172,"column":6}},"55":{"start":{"line":176,"column":4},"end":{"line":178,"column":5}},"56":{"start":{"line":177,"column":6},"end":{"line":177,"column":65}},"57":{"start":{"line":180,"column":25},"end":{"line":180,"column":49}},"58":{"start":{"line":182,"column":4},"end":{"line":186,"column":6}},"59":{"start":{"line":191,"column":4},"end":{"line":191,"column":42}},"60":{"start":{"line":192,"column":24},"end":{"line":192,"column":58}},"61":{"start":{"line":194,"column":4},"end":{"line":198,"column":5}},"62":{"start":{"line":195,"column":8},"end":{"line":195,"column":60}},"63":{"start":{"line":196,"column":8},"end":{"line":196,"column":60}},"64":{"start":{"line":197,"column":8},"end":{"line":197,"column":64}},"65":{"start":{"line":200,"column":4},"end":{"line":200,"column":45}},"66":{"start":{"line":202,"column":4},"end":{"line":202,"column":47}},"67":{"start":{"line":206,"column":0},"end":{"line":206,"column":37}}},"fnMap":{"0":{"name":"(anonymous_0)","decl":{"start":{"line":8,"column":2},"end":{"line":8,"column":3}},"loc":{"start":{"line":8,"column":16},"end":{"line":48,"column":3}},"line":8},"1":{"name":"(anonymous_1)","decl":{"start":{"line":50,"column":2},"end":{"line":50,"column":3}},"loc":{"start":{"line":50,"column":42},"end":{"line":67,"column":3}},"line":50},"2":{"name":"(anonymous_2)","decl":{"start":{"line":56,"column":12},"end":{"line":56,"column":13}},"loc":{"start":{"line":56,"column":27},"end":{"line":63,"column":7}},"line":56},"3":{"name":"(anonymous_3)","decl":{"start":{"line":64,"column":13},"end":{"line":64,"column":14}},"loc":{"start":{"line":64,"column":22},"end":{"line":66,"column":7}},"line":64},"4":{"name":"(anonymous_4)","decl":{"start":{"line":69,"column":2},"end":{"line":69,"column":3}},"loc":{"start":{"line":69,"column":12},"end":{"line":71,"column":3}},"line":69},"5":{"name":"(anonymous_5)","decl":{"start":{"line":73,"column":2},"end":{"line":73,"column":3}},"loc":{"start":{"line":73,"column":14},"end":{"line":79,"column":3}},"line":73},"6":{"name":"(anonymous_6)","decl":{"start":{"line":81,"column":2},"end":{"line":81,"column":3}},"loc":{"start":{"line":81,"column":32},"end":{"line":113,"column":3}},"line":81},"7":{"name":"(anonymous_7)","decl":{"start":{"line":95,"column":40},"end":{"line":95,"column":41}},"loc":{"start":{"line":95,"column":51},"end":{"line":95,"column":73}},"line":95},"8":{"name":"(anonymous_8)","decl":{"start":{"line":116,"column":2},"end":{"line":116,"column":3}},"loc":{"start":{"line":116,"column":29},"end":{"line":119,"column":3}},"line":116},"9":{"name":"(anonymous_9)","decl":{"start":{"line":121,"column":2},"end":{"line":121,"column":3}},"loc":{"start":{"line":121,"column":59},"end":{"line":173,"column":3}},"line":121},"10":{"name":"(anonymous_10)","decl":{"start":{"line":130,"column":18},"end":{"line":130,"column":19}},"loc":{"start":{"line":130,"column":33},"end":{"line":137,"column":13}},"line":130},"11":{"name":"(anonymous_11)","decl":{"start":{"line":138,"column":19},"end":{"line":138,"column":20}},"loc":{"start":{"line":138,"column":26},"end":{"line":138,"column":80}},"line":138},"12":{"name":"(anonymous_12)","decl":{"start":{"line":175,"column":2},"end":{"line":175,"column":3}},"loc":{"start":{"line":175,"column":58},"end":{"line":187,"column":3}},"line":175},"13":{"name":"(anonymous_13)","decl":{"start":{"line":189,"column":2},"end":{"line":189,"column":3}},"loc":{"start":{"line":189,"column":59},"end":{"line":203,"column":3}},"line":189}},"branchMap":{"0":{"loc":{"start":{"line":50,"column":19},"end":{"line":50,"column":40}},"type":"default-arg","locations":[{"start":{"line":50,"column":30},"end":{"line":50,"column":40}}],"line":50},"1":{"loc":{"start":{"line":57,"column":8},"end":{"line":61,"column":9}},"type":"if","locations":[{"start":{"line":57,"column":8},"end":{"line":61,"column":9}},{"start":{},"end":{}}],"line":57},"2":{"loc":{"start":{"line":84,"column":6},"end":{"line":84,"column":36}},"type":"if","locations":[{"start":{"line":84,"column":6},"end":{"line":84,"column":36}},{"start":{},"end":{}}],"line":84},"3":{"loc":{"start":{"line":87,"column":6},"end":{"line":87,"column":77}},"type":"if","locations":[{"start":{"line":87,"column":6},"end":{"line":87,"column":77}},{"start":{},"end":{}}],"line":87},"4":{"loc":{"start":{"line":87,"column":10},"end":{"line":87,"column":63}},"type":"binary-expr","locations":[{"start":{"line":87,"column":10},"end":{"line":87,"column":33}},{"start":{"line":87,"column":37},"end":{"line":87,"column":63}}],"line":87},"5":{"loc":{"start":{"line":99,"column":6},"end":{"line":101,"column":7}},"type":"if","locations":[{"start":{"line":99,"column":6},"end":{"line":101,"column":7}},{"start":{},"end":{}}],"line":99},"6":{"loc":{"start":{"line":99,"column":10},"end":{"line":99,"column":42}},"type":"binary-expr","locations":[{"start":{"line":99,"column":10},"end":{"line":99,"column":26}},{"start":{"line":99,"column":30},"end":{"line":99,"column":42}}],"line":99},"7":{"loc":{"start":{"line":118,"column":11},"end":{"line":118,"column":40}},"type":"cond-expr","locations":[{"start":{"line":118,"column":18},"end":{"line":118,"column":32}},{"start":{"line":118,"column":35},"end":{"line":118,"column":40}}],"line":118},"8":{"loc":{"start":{"line":121,"column":31},"end":{"line":121,"column":57}},"type":"default-arg","locations":[{"start":{"line":121,"column":42},"end":{"line":121,"column":57}}],"line":121},"9":{"loc":{"start":{"line":127,"column":4},"end":{"line":139,"column":5}},"type":"if","locations":[{"start":{"line":127,"column":4},"end":{"line":139,"column":5}},{"start":{},"end":{}}],"line":127},"10":{"loc":{"start":{"line":131,"column":16},"end":{"line":135,"column":17}},"type":"if","locations":[{"start":{"line":131,"column":16},"end":{"line":135,"column":17}},{"start":{},"end":{}}],"line":131},"11":{"loc":{"start":{"line":143,"column":4},"end":{"line":149,"column":5}},"type":"if","locations":[{"start":{"line":143,"column":4},"end":{"line":149,"column":5}},{"start":{"line":145,"column":11},"end":{"line":149,"column":5}}],"line":143},"12":{"loc":{"start":{"line":143,"column":8},"end":{"line":143,"column":30}},"type":"binary-expr","locations":[{"start":{"line":143,"column":8},"end":{"line":143,"column":17}},{"start":{"line":143,"column":21},"end":{"line":143,"column":30}}],"line":143},"13":{"loc":{"start":{"line":145,"column":11},"end":{"line":149,"column":5}},"type":"if","locations":[{"start":{"line":145,"column":11},"end":{"line":149,"column":5}},{"start":{"line":147,"column":11},"end":{"line":149,"column":5}}],"line":145},"14":{"loc":{"start":{"line":145,"column":15},"end":{"line":145,"column":38}},"type":"binary-expr","locations":[{"start":{"line":145,"column":15},"end":{"line":145,"column":25}},{"start":{"line":145,"column":29},"end":{"line":145,"column":38}}],"line":145},"15":{"loc":{"start":{"line":155,"column":4},"end":{"line":157,"column":5}},"type":"if","locations":[{"start":{"line":155,"column":4},"end":{"line":157,"column":5}},{"start":{},"end":{}}],"line":155},"16":{"loc":{"start":{"line":159,"column":25},"end":{"line":159,"column":75}},"type":"binary-expr","locations":[{"start":{"line":159,"column":25},"end":{"line":159,"column":49}},{"start":{"line":159,"column":53},"end":{"line":159,"column":75}}],"line":159},"17":{"loc":{"start":{"line":175,"column":30},"end":{"line":175,"column":56}},"type":"default-arg","locations":[{"start":{"line":175,"column":41},"end":{"line":175,"column":56}}],"line":175},"18":{"loc":{"start":{"line":176,"column":4},"end":{"line":178,"column":5}},"type":"if","locations":[{"start":{"line":176,"column":4},"end":{"line":178,"column":5}},{"start":{},"end":{}}],"line":176},"19":{"loc":{"start":{"line":189,"column":36},"end":{"line":189,"column":57}},"type":"default-arg","locations":[{"start":{"line":189,"column":47},"end":{"line":189,"column":57}}],"line":189},"20":{"loc":{"start":{"line":194,"column":4},"end":{"line":198,"column":5}},"type":"if","locations":[{"start":{"line":194,"column":4},"end":{"line":198,"column":5}},{"start":{},"end":{}}],"line":194}},"s":{"0":4,"1":4,"2":4,"3":0,"4":0,"5":0,"6":0,"7":0,"8":0,"9":0,"10":0,"11":0,"12":0,"13":0,"14":3,"15":3,"16":2,"17":0,"18":2,"19":2,"20":0,"21":2,"22":2,"23":2,"24":2,"25":2,"26":6,"27":2,"28":2,"29":1,"30":2,"31":1,"32":1,"33":0,"34":0,"35":3,"36":3,"37":3,"38":3,"39":0,"40":0,"41":0,"42":0,"43":0,"44":0,"45":0,"46":3,"47":0,"48":3,"49":0,"50":3,"51":3,"52":1,"53":3,"54":3,"55":0,"56":0,"57":0,"58":0,"59":3,"60":3,"61":3,"62":2,"63":2,"64":2,"65":3,"66":3,"67":1},"f":{"0":4,"1":0,"2":0,"3":0,"4":0,"5":0,"6":3,"7":6,"8":0,"9":3,"10":0,"11":0,"12":0,"13":3},"b":{"0":[0],"1":[0,0],"2":[0,2],"3":[0,2],"4":[2,2],"5":[1,1],"6":[2,2],"7":[0,0],"8":[3],"9":[0,3],"10":[0,0],"11":[0,3],"12":[3,0],"13":[0,3],"14":[3,0],"15":[1,2],"16":[3,0],"17":[0],"18":[0,0],"19":[0],"20":[2,1]},"_coverageSchema":"1a1c01bbd47fc00a2c39e90264f33305004495a9","hash":"8d17f28ce0329babbe261df9a784c56ab3fd9ecd"}
}
