TN:
SF:mcp-server/services/ambientation.js
FN:8,(anonymous_0)
FN:50,(anonymous_1)
FN:56,(anonymous_2)
FN:64,(anonymous_3)
FN:69,(anonymous_4)
FN:73,(anonymous_5)
FN:81,(anonymous_6)
FN:95,(anonymous_7)
FN:116,(anonymous_8)
FN:121,(anonymous_9)
FN:130,(anonymous_10)
FN:138,(anonymous_11)
FN:175,(anonymous_12)
FN:189,(anonymous_13)
FNF:14
FNH:5
FNDA:4,(anonymous_0)
FNDA:0,(anonymous_1)
FNDA:0,(anonymous_2)
FNDA:0,(anonymous_3)
FNDA:0,(anonymous_4)
FNDA:0,(anonymous_5)
FNDA:3,(anonymous_6)
FNDA:6,(anonymous_7)
FNDA:0,(anonymous_8)
FNDA:3,(anonymous_9)
FNDA:0,(anonymous_10)
FNDA:0,(anonymous_11)
FNDA:0,(anonymous_12)
FNDA:3,(anonymous_13)
DA:9,4
DA:10,4
DA:41,4
DA:51,0
DA:52,0
DA:55,0
DA:57,0
DA:58,0
DA:59,0
DA:60,0
DA:62,0
DA:65,0
DA:70,0
DA:74,0
DA:82,3
DA:83,3
DA:84,2
DA:86,2
DA:87,2
DA:89,2
DA:90,2
DA:91,2
DA:94,2
DA:95,6
DA:98,2
DA:99,2
DA:100,1
DA:103,2
DA:110,1
DA:111,1
DA:117,0
DA:118,0
DA:122,3
DA:123,3
DA:126,3
DA:127,3
DA:129,0
DA:131,0
DA:132,0
DA:133,0
DA:134,0
DA:136,0
DA:138,0
DA:143,3
DA:144,0
DA:145,3
DA:146,0
DA:148,3
DA:155,3
DA:156,1
DA:159,3
DA:161,3
DA:176,0
DA:177,0
DA:180,0
DA:182,0
DA:191,3
DA:192,3
DA:194,3
DA:195,2
DA:196,2
DA:197,2
DA:200,3
DA:202,3
DA:206,1
LF:65
LH:39
BRDA:50,0,0,0
BRDA:57,1,0,0
BRDA:57,1,1,0
BRDA:84,2,0,0
BRDA:84,2,1,2
BRDA:87,3,0,0
BRDA:87,3,1,2
BRDA:87,4,0,2
BRDA:87,4,1,2
BRDA:99,5,0,1
BRDA:99,5,1,1
BRDA:99,6,0,2
BRDA:99,6,1,2
BRDA:118,7,0,0
BRDA:118,7,1,0
BRDA:121,8,0,3
BRDA:127,9,0,0
BRDA:127,9,1,3
BRDA:131,10,0,0
BRDA:131,10,1,0
BRDA:143,11,0,0
BRDA:143,11,1,3
BRDA:143,12,0,3
BRDA:143,12,1,0
BRDA:145,13,0,0
BRDA:145,13,1,3
BRDA:145,14,0,3
BRDA:145,14,1,0
BRDA:155,15,0,1
BRDA:155,15,1,2
BRDA:159,16,0,3
BRDA:159,16,1,0
BRDA:175,17,0,0
BRDA:176,18,0,0
BRDA:176,18,1,0
BRDA:189,19,0,0
BRDA:194,20,0,2
BRDA:194,20,1,1
BRF:38
BRH:19
end_of_record
